C:\Program Files (x86)\Microsoft Visual Studio\2017\Professional\Common7\IDE\VC\VCTargets\Microsoft.CppBuild.targets(391,5): warning MSB8028: 中间目录(.\pc_win32/Debug\)包含从另一个项目(make_vrpn_libs_build.vcxproj)共享的文件。   这会导致错误的清除和重新生成行为。
  vrpn_3DConnexion.C
  vrpn_3DMicroscribe.C
  vrpn_3Space.C
  vrpn_5DT16.C
  vrpn_ADBox.C
  vrpn_Analog.C
  vrpn_Analog_5dt.C
  vrpn_Analog_5dtUSB.C
  vrpn_Analog_Output.C
  vrpn_Analog_Radamec_SPI.C
  vrpn_Analog_USDigital_A2.C
  vrpn_Auxiliary_Logger.C
  vrpn_BaseClass.C
  vrpn_BiosciencesTools.C
  vrpn_Button.C
  vrpn_Button_NI_DIO24.C
  vrpn_Button_USB.cpp
  vrpn_CerealBox.C
  vrpn_CHProducts_Controller_Raw.C
  vrpn_Connection.C
  正在生成代码...
  正在编译...
  vrpn_Contour.C
  vrpn_Dial.C
  vrpn_DirectXFFJoystick.C
  vrpn_DirectXRumblePad.C
  vrpn_DreamCheeky.C
  vrpn_Dyna.C
  vrpn_Event.C
  vrpn_Event_Analog.C
  vrpn_Event_Mouse.C
  vrpn_FileConnection.C
  vrpn_FileController.C
  vrpn_Flock.C
  vrpn_Flock_Parallel.C
  vrpn_ForceDevice.C
  vrpn_ForceDeviceServer.C
  vrpn_Forwarder.C
  vrpn_ForwarderController.C
  vrpn_Freespace.C
  vrpn_FunctionGenerator.C
  vrpn_Futaba.C
  正在生成代码...
  正在编译...
  vrpn_GlobalHapticsOrb.C
  vrpn_Griffin.C
  vrpn_HumanInterface.C
  vrpn_IDEA.C
  vrpn_Imager.C
  vrpn_Imager_Stream_Buffer.C
  vrpn_ImmersionBox.C
  vrpn_inertiamouse.C
  vrpn_JoyFly.C
  vrpn_Joylin.C
  vrpn_Joywin32.C
  vrpn_Keyboard.C
  vrpn_LamportClock.C
  vrpn_Local_HIDAPI.C
  vrpn_Logitech_Controller_Raw.C
  vrpn_LUDL.C
  vrpn_Magellan.C
  vrpn_Microsoft_Controller_Raw.C
  vrpn_Mouse.C
  vrpn_Mutex.C
  正在生成代码...
  正在编译...
  vrpn_NationalInstruments.C
  vrpn_Nidaq.C
  vrpn_nikon_controls.C
  vrpn_OmegaTemperature.C
  vrpn_Poser.C
  vrpn_Poser_Analog.C
  vrpn_Poser_Tek4662.C
  vrpn_raw_sgibox.C
  vrpn_RedundantTransmission.C
  vrpn_RetroLink.C
  vrpn_Saitek_Controller_Raw.C
  vrpn_Serial.C
  vrpn_sgibox.C
  vrpn_Shared.C
  vrpn_SharedObject.C
  vrpn_Sound.C
  vrpn_Spaceball.C
  vrpn_Text.C
  vrpn_Tng3.C
  vrpn_Tracker.C
  正在生成代码...
  正在编译...
  vrpn_Tracker_3DMouse.C
  vrpn_Tracker_AnalogFly.C
  vrpn_Tracker_ButtonFly.C
  vrpn_Tracker_Crossbow.C
  vrpn_Tracker_DTrack.C
  vrpn_Tracker_Fastrak.C
  vrpn_Tracker_Filter.C
  vrpn_Tracker_GameTrak.C
  vrpn_Tracker_GPS.C
  vrpn_Tracker_isense.C
  vrpn_Tracker_Isotrak.C
  vrpn_Tracker_JsonNet.C
  vrpn_Tracker_Liberty.C
  vrpn_Tracker_LibertyHS.C
  vrpn_Tracker_MotionNode.C
  vrpn_Tracker_NDI_Polaris.C
  vrpn_Tracker_NovintFalcon.C
  vrpn_Tracker_PDI.C
  vrpn_Tracker_PhaseSpace.C
  vrpn_Tracker_RazerHydra.C
  正在生成代码...
  正在编译...
  vrpn_Tracker_SpacePoint.C
  vrpn_Tracker_TrivisioColibri.C
c:\users\administrator\desktop\3dvrar\vrpn0732\vrpn_tracker_trivisiocolibri.c : warning C4819: 该文件包含不能在当前代码页(936)中表示的字符。请将该文件保存为 Unicode 格式以防止数据丢失
c:\users\administrator\desktop\3dvrar\vrpn0732\vrpn_tracker_trivisiocolibri.h : warning C4819: 该文件包含不能在当前代码页(936)中表示的字符。请将该文件保存为 Unicode 格式以防止数据丢失
  vrpn_Tracker_ViewPoint.C
  vrpn_Tracker_WiimoteHead.C
  vrpn_Tracker_Wintracker.C
  vrpn_Tracker_zSight.C
  vrpn_UNC_Joystick.C
  vrpn_VPJoystick.C
  vrpn_Wanda.C
  vrpn_WiiMote.C
  vrpn_XInputGamepad.C
  vrpn_Xkeys.C
  vrpn_YEI_3Space.C
  vrpn_Zaber.C
  正在生成代码...
  vrpn.vcxproj -> C:\Users\Administrator\Desktop\3DVRAR\vrpn0732\.\pc_win32/Debug\vrpn.lib
